<?xml version="1.0" encoding="UTF-8"?>
<testsuite xmlns:xsi="http://www.w3.org/2001/XMLSchema-instance" xsi:noNamespaceSchemaLocation="https://maven.apache.org/surefire/maven-surefire-plugin/xsd/surefire-test-report.xsd" version="3.0.2" name="com.minesunny.ffset.JSONFollowSetTest" time="0.04" tests="4" errors="0" skipped="0" failures="0">
  <properties>
[...]
</properties>
  <testcase name="test_json_FollowSet" classname="com.minesunny.ffset.JSONFollowSetTest" time="0.013"/>
  <testcase name="test_value_FollowSet" classname="com.minesunny.ffset.JSONFollowSetTest" time="0.008"/>
  <testcase name="test_obj_FirstSet" classname="com.minesunny.ffset.JSONFollowSetTest" time="0.009"/>
  <testcase name="test_pair_FollowSet" classname="com.minesunny.ffset.JSONFollowSetTest" time="0.007"/>
</testsuite>